2020-05-08 12:37:00 [scrapy.utils.log] INFO: Scrapy 1.7.3 started (bot: trans)
2020-05-08 12:37:00 [scrapy.utils.log] INFO: Versions: lxml 4.4.1.0, libxml2 2.9.5, cssselect 1.1.0, parsel 1.5.2, w3lib 1.21.0, Twisted 19.7.0, Python 3.7.3 (default, Apr 24 2019, 15:29:51) [MSC v.1915 64 bit (AMD64)], pyOpenSSL 19.0.0 (OpenSSL 1.1.1  11 Sep 2018), cryptography 2.7, Platform Windows-10-10.0.18362-SP0
2020-05-08 12:37:00 [scrapy.crawler] INFO: Overridden settings: {'AUTOTHROTTLE_DEBUG': 'True', 'AUTOTHROTTLE_ENABLED': 'True', 'AUTOTHROTTLE_MAX_DELAY': '360.0', 'AUTOTHROTTLE_START_DELAY': '20.0', 'AUTOTHROTTLE_TARGET_CONCURRENCY': '0.25', 'BOT_NAME': 'trans', 'CLOSESPIDER_ITEMCOUNT': '10000', 'CONCURRENT_REQUESTS_PER_IP': 1, 'COOKIES_ENABLED': False, 'DOWNLOAD_DELAY': '85', 'HTTPCACHE_ENABLED': 'False', 'LOG_FILE': 'C:\\Users\\Admin\\Documents\\projects\\crawler\\Devt\\trans\\humanities_content_8_may.log', 'NEWSPIDER_MODULE': 'trans.spiders', 'SPIDER_MODULES': ['trans.spiders'], 'USER_AGENT': 'Mozilla/5.0 (Macintosh; Intel Mac OS X 10_11_6) AppleWebKit/601.7.7 (KHTML, like Gecko) Version/9.1.2 Safari/601.7.7'}
2020-05-08 12:37:00 [scrapy.extensions.telnet] INFO: Telnet Password: a70ca1031927efae
2020-05-08 12:37:00 [scrapy.middleware] INFO: Enabled extensions:
['scrapy.extensions.corestats.CoreStats',
 'scrapy.extensions.telnet.TelnetConsole',
 'scrapy.extensions.closespider.CloseSpider',
 'scrapy.extensions.logstats.LogStats',
 'scrapy.extensions.throttle.AutoThrottle']
2020-05-08 12:37:00 [scrapy.middleware] INFO: Enabled downloader middlewares:
['scrapy.downloadermiddlewares.httpauth.HttpAuthMiddleware',
 'scrapy.downloadermiddlewares.downloadtimeout.DownloadTimeoutMiddleware',
 'scrapy.downloadermiddlewares.defaultheaders.DefaultHeadersMiddleware',
 'scrapy.downloadermiddlewares.useragent.UserAgentMiddleware',
 'scrapy.downloadermiddlewares.retry.RetryMiddleware',
 'scrapy.downloadermiddlewares.redirect.MetaRefreshMiddleware',
 'scrapy.downloadermiddlewares.httpcompression.HttpCompressionMiddleware',
 'scrapy.downloadermiddlewares.redirect.RedirectMiddleware',
 'scrapy.downloadermiddlewares.httpproxy.HttpProxyMiddleware',
 'scrapy.downloadermiddlewares.stats.DownloaderStats']
2020-05-08 12:37:00 [scrapy.middleware] INFO: Enabled spider middlewares:
['scrapy.spidermiddlewares.httperror.HttpErrorMiddleware',
 'scrapy.spidermiddlewares.offsite.OffsiteMiddleware',
 'scrapy.spidermiddlewares.referer.RefererMiddleware',
 'scrapy.spidermiddlewares.urllength.UrlLengthMiddleware',
 'scrapy.spidermiddlewares.depth.DepthMiddleware']
2020-05-08 12:37:00 [scrapy.middleware] INFO: Enabled item pipelines:
['trans.pipelines.mysql.ContentWriter']
2020-05-08 12:37:00 [scrapy.core.engine] INFO: Spider opened
2020-05-08 12:37:00 [scrapy.extensions.logstats] INFO: Crawled 0 pages (at 0 pages/min), scraped 0 items (at 0 items/min)
2020-05-08 12:37:00 [scrapy.extensions.telnet] INFO: Telnet console listening on 127.0.0.1:6024
2020-05-08 12:37:01 [trans_content] INFO: 1200 urls fetched
2020-05-08 12:37:05 [scrapy.extensions.throttle] INFO: slot: www.transtutors.com | conc: 1 | delay:85000 ms (+0) | latency: 4583 ms | size: 14657 bytes
2020-05-08 12:37:05 [scrapy.core.engine] DEBUG: Crawled (200) <GET https://www.transtutors.com/questions/create-a-research-question-using-the-general-social-survey-dataset-that-can-be-answe-5437592.htm> (referer: https://www.google.com/)
2020-05-08 12:37:05 [trans_content] INFO: [14651]: successfully processed
2020-05-08 12:37:05 [scrapy.core.scraper] DEBUG: Scraped from <200 https://www.transtutors.com/questions/create-a-research-question-using-the-general-social-survey-dataset-that-can-be-answe-5437592.htm>
{'category': ['humanities'],
 'content': [''],
 'date': [datetime.datetime(2020, 5, 8, 12, 37, 5, 725069)],
 'link_no': [14651],
 'project': ['trans'],
 'server': ['DESKTOP-V4GURUG'],
 'spider': ['trans_content'],
 'title': [' Create a research question using the General Social Survey '
           'dataset that can be answered using... ']}
2020-05-08 12:37:11 [scrapy.extensions.throttle] INFO: slot: 34.224.249.39 | conc: 1 | delay:85000 ms (+0) | latency:10089 ms | size: 18505 bytes
2020-05-08 12:37:11 [scrapy.core.engine] DEBUG: Crawled (200) <GET https://www.transtutors.com/questions/create-an-art-work-or-digital-timeline-of-rizal-s-first-travels-abroad-the-timeline--5436585.htm> (referer: https://www.google.com/)
2020-05-08 12:37:11 [trans_content] INFO: [14656]: successfully processed
2020-05-08 12:37:11 [scrapy.core.scraper] DEBUG: Scraped from <200 https://www.transtutors.com/questions/create-an-art-work-or-digital-timeline-of-rizal-s-first-travels-abroad-the-timeline--5436585.htm>
{'category': ['humanities'],
 'content': ['1. Create an art work or digital timeline of Rizal’s first '
             'travels abroad  2. The timeline should cover the period starting '
             'from his departure from the Philippines on May 3, 1882 until the '
             'printing of his novel, Noli Me Tangere in 1887  3. Create an art '
             'work (e.g. drawing, sketch, etc.) or use MSWord, Powerpoint or '
             'any appropriate computer program for your work.  4. Design the '
             'timeline with the correct information and use the appropriate '
             'images and/or  graphics.'],
 'date': [datetime.datetime(2020, 5, 8, 12, 37, 11, 831557)],
 'link_no': [14656],
 'project': ['trans'],
 'server': ['DESKTOP-V4GURUG'],
 'spider': ['trans_content'],
 'title': [' Create an art work or digital timeline of Rizal’s first travels '
           'abroad -The timeline should cover... ']}
2020-05-08 12:38:00 [scrapy.extensions.logstats] INFO: Crawled 2 pages (at 2 pages/min), scraped 2 items (at 2 items/min)
2020-05-08 12:38:16 [scrapy.extensions.throttle] INFO: slot: 34.224.249.39 | conc: 1 | delay:85000 ms (+0) | latency: 4209 ms | size: 17490 bytes
2020-05-08 12:38:16 [scrapy.core.engine] DEBUG: Crawled (200) <GET https://www.transtutors.com/questions/an-essential-characteristic-of-a-profession-is-the-need-for-its-members-to-abide-by--5436301.htm> (referer: https://www.google.com/)
2020-05-08 12:38:16 [trans_content] INFO: [14657]: successfully processed
2020-05-08 12:38:16 [scrapy.core.scraper] DEBUG: Scraped from <200 https://www.transtutors.com/questions/an-essential-characteristic-of-a-profession-is-the-need-for-its-members-to-abide-by--5436301.htm>
{'category': ['humanities'],
 'content': ['An essential characteristic of a profession is the need for its '
             'members to abide by a code of ethics.” ACS Code of Ethics – '
             '2014. ICT professions require standard ethical behaviours in '
             'working environments. Australian Computer Society has outlined '
             'the Code of Ethics of certified ICT professions. This Code of '
             'Professional Conduct (the Code) has six core ethical values and '
             'provides the associated requirements for professional conduct in '
             'ICT job roles. ACS requires its members to abide by these '
             'values, and act with responsibility and integrity in all of '
             'their professional dealings. The learning outcomes covered by '
             'this task include: • Describe the practices used in real-world '
             'research including legal, commercial and ethical frameworks. • '
             'Make decisions based on social, cultural and ethical issues, and '
             'understand the values expounded in professional practices in '
             'diverse contexts. In this assessment, you are required to: • '
             'Read the six core ‘ACS code of Ethics’ and its associated '
             'requirements • Read the ‘ACS Code of Professional Conduct Case '
             'Studies’ • Search for a real life case scenario where there was '
             'a dilemma of ethical value in ICT industry or profession. • '
             'Provide the following information about the incident of '
             'interest: o Description of the incident o Must also include the '
             'references to the sources of information o What was the ethical '
             'issue? o What ICT profession or activity was involved? o What '
             'ACS code of Ethics and their associated requirements can be '
             'applied to the situation? Refer to the ACS code of Ethics '
             'document provided.'],
 'date': [datetime.datetime(2020, 5, 8, 12, 38, 16, 572753)],
 'link_no': [14657],
 'project': ['trans'],
 'server': ['DESKTOP-V4GURUG'],
 'spider': ['trans_content'],
 'title': [' An essential characteristic of a profession is the need for its '
           'members to abide by a code of... ']}
2020-05-08 12:38:46 [scrapy.extensions.throttle] INFO: slot: www.transtutors.com | conc: 1 | delay:85000 ms (+0) | latency: 7378 ms | size: 18645 bytes
2020-05-08 12:38:46 [scrapy.core.engine] DEBUG: Crawled (200) <GET https://www.transtutors.com/questions/1-create-an-abstract-class-discountpolicy-it-should-have-a-single-abstract-method-co-5437578.htm> (referer: https://www.google.com/)
2020-05-08 12:38:46 [trans_content] INFO: [14652]: successfully processed
2020-05-08 12:38:46 [scrapy.core.scraper] DEBUG: Scraped from <200 https://www.transtutors.com/questions/1-create-an-abstract-class-discountpolicy-it-should-have-a-single-abstract-method-co-5437578.htm>
{'category': ['humanities'],
 'content': ['1. Create an abstract class DiscountPolicy. It should have a '
             'single abstract method computeDiscount that will return the '
             'discount for the purchase of a given number of a single item. '
             'The method has two parameters, count and itemCost. 2. Derive a '
             'class BulkDiscount from DiscountPolicy, as described in the '
             'previous exercise. It should have a constructor that has two '
             'parameters, minimum and percent. It should define the method '
             'computeDiscount so that if the quantity purchased of an item is '
             'more than minimum, the discount is percent percent. 3. Derive a '
             'class BuyNItemsGetOneFree from DiscountPolicy, as described in '
             'Exercise 1. The class should have a constructor that has a '
             'single parameter n. In addition, the class should define the '
             'method computeDiscount so that every nth item is free. For '
             'example, the following table gives the discount for the purchase '
             'of various counts of an item that costs $10, when n is 3: count '
             '1 2 3 4 5 6 7 Discount 0 0 10 10 10 20 204. Derive a class '
             'CombinedDiscount from DiscountPolicy, as described in Exercise '
             '1. It should have a constructor that has two parameters of type '
             'DiscountPolicy. It should define the method computeDiscount to '
             'return the maximum value returned by computeDiscount for each of '
             'its two private discount policies. The two discount policies are '
             'described in Exercises 2 and 3. 5. Define DiscountPolicy as an '
             'interface instead of the abstract class described in Exercise '
             '1.'],
 'date': [datetime.datetime(2020, 5, 8, 12, 38, 46, 689671)],
 'link_no': [14652],
 'project': ['trans'],
 'server': ['DESKTOP-V4GURUG'],
 'spider': ['trans_content'],
 'title': [' 1. Create an abstract class DiscountPolicy. It should have a '
           'single abstract method... ']}
2020-05-08 12:39:00 [scrapy.extensions.logstats] INFO: Crawled 4 pages (at 2 pages/min), scraped 4 items (at 2 items/min)
2020-05-08 12:40:00 [scrapy.extensions.logstats] INFO: Crawled 4 pages (at 0 pages/min), scraped 4 items (at 0 items/min)
2020-05-08 12:40:05 [scrapy.extensions.throttle] INFO: slot: 34.224.249.39 | conc: 1 | delay:85000 ms (+0) | latency: 3438 ms | size: 16219 bytes
2020-05-08 12:40:05 [scrapy.core.engine] DEBUG: Crawled (200) <GET https://www.transtutors.com/questions/create-a-research-question-using-the-general-social-survey-dataset-that-can-be-answe-5435275.htm> (referer: https://www.google.com/)
2020-05-08 12:40:05 [trans_content] INFO: [14658]: successfully processed
2020-05-08 12:40:05 [scrapy.core.scraper] DEBUG: Scraped from <200 https://www.transtutors.com/questions/create-a-research-question-using-the-general-social-survey-dataset-that-can-be-answe-5435275.htm>
{'category': ['humanities'],
 'content': [''],
 'date': [datetime.datetime(2020, 5, 8, 12, 40, 5, 882113)],
 'link_no': [14658],
 'project': ['trans'],
 'server': ['DESKTOP-V4GURUG'],
 'spider': ['trans_content'],
 'title': [' Create a research question using the General Social Survey '
           'dataset that can be answered by... ']}
2020-05-08 12:40:25 [scrapy.extensions.throttle] INFO: slot: www.transtutors.com | conc: 1 | delay:85000 ms (+0) | latency: 5370 ms | size: 20006 bytes
2020-05-08 12:40:25 [scrapy.core.engine] DEBUG: Crawled (200) <GET https://www.transtutors.com/questions/the-purpose-of-this-paper-is-for-you-to-demonstrate-your-ability-to-apply-a-working--5437466.htm> (referer: https://www.google.com/)
2020-05-08 12:40:25 [trans_content] INFO: [14653]: successfully processed
2020-05-08 12:40:25 [scrapy.core.scraper] DEBUG: Scraped from <200 https://www.transtutors.com/questions/the-purpose-of-this-paper-is-for-you-to-demonstrate-your-ability-to-apply-a-working--5437466.htm>
{'category': ['humanities'],
 'content': [''],
 'date': [datetime.datetime(2020, 5, 8, 12, 40, 25, 903509)],
 'link_no': [14653],
 'project': ['trans'],
 'server': ['DESKTOP-V4GURUG'],
 'spider': ['trans_content'],
 'title': [' The purpose of this paper is for you to demonstrate your ability '
           'to apply a working knowledge of... ']}
2020-05-08 12:41:00 [scrapy.extensions.logstats] INFO: Crawled 6 pages (at 2 pages/min), scraped 6 items (at 2 items/min)
2020-05-08 12:41:43 [scrapy.extensions.throttle] INFO: slot: 34.224.249.39 | conc: 1 | delay:85000 ms (+0) | latency: 2788 ms | size: 19774 bytes
2020-05-08 12:41:43 [scrapy.core.engine] DEBUG: Crawled (200) <GET https://www.transtutors.com/questions/select-a-character-from-a-film-novel-tv-show-where-the-character-has-suffered-loss-a-5434726.htm> (referer: https://www.google.com/)
2020-05-08 12:41:43 [trans_content] INFO: [14659]: successfully processed
2020-05-08 12:41:43 [scrapy.core.scraper] DEBUG: Scraped from <200 https://www.transtutors.com/questions/select-a-character-from-a-film-novel-tv-show-where-the-character-has-suffered-loss-a-5434726.htm>
{'category': ['humanities'],
 'content': ['Students are to select a character from a film / novel / TV show '
             'where the character has suffered loss and grief (either they '
             'have lost someone significant to them or a significant part / '
             'aspect of themselves). Students are to simulate the first two '
             'sessions of this client coming to therapy. You do not need to '
             'describe these sessions word for word, but please reflect upon '
             'what would the therapist aim to achieve in these two sessions, '
             'and how might a client and therapist work through the first few '
             'sessions. In your response you need to include the following: a) '
             'Describe the presenting issues for the client. b) Describe how '
             'you would engage and connect to this client. c) Explain your '
             'thoughts and ideas around contracting and case planning; what '
             'are your goals and objectives for the client and the therapy '
             'process? d) What theoretical ideas might inform and support your '
             'therapeutic process? e) What interventions would you consider '
             'using (please provide rationales)? f) What obstacles can you '
             'anticipate / might arise? g) How would you potentially work to '
             'overcome these? h) What strategies for self-care might you '
             'employ? Analysis of this client’s grief and loss experience '
             'forms part of your written analysis. In your written response '
             'you need to demonstrate your understanding of the theories '
             'studied this term and the realistic process clients go through '
             'in this context. More important than demonstration of skill and '
             'technique is your demonstrated ability to reflect, analyse and '
             'critique and provide your rationale'],
 'date': [datetime.datetime(2020, 5, 8, 12, 41, 43, 953828)],
 'link_no': [14659],
 'project': ['trans'],
 'server': ['DESKTOP-V4GURUG'],
 'spider': ['trans_content'],
 'title': [' Select a character from a film/novel / TV show where the '
           'character has suffered loss and grief... ']}
2020-05-08 12:42:00 [scrapy.extensions.logstats] INFO: Crawled 7 pages (at 1 pages/min), scraped 7 items (at 1 items/min)
2020-05-08 12:42:09 [scrapy.extensions.throttle] INFO: slot: www.transtutors.com | conc: 1 | delay:85000 ms (+0) | latency: 3653 ms | size: 19781 bytes
2020-05-08 12:42:09 [scrapy.core.engine] DEBUG: Crawled (200) <GET https://www.transtutors.com/questions/write-a-research-proposal-for-an-original-empirical-study-the-proposal-is-intended-t-5437456.htm> (referer: https://www.google.com/)
2020-05-08 12:42:09 [trans_content] INFO: [14654]: successfully processed
2020-05-08 12:42:09 [scrapy.core.scraper] DEBUG: Scraped from <200 https://www.transtutors.com/questions/write-a-research-proposal-for-an-original-empirical-study-the-proposal-is-intended-t-5437456.htm>
{'category': ['humanities'],
 'content': [''],
 'date': [datetime.datetime(2020, 5, 8, 12, 42, 9, 165941)],
 'link_no': [14654],
 'project': ['trans'],
 'server': ['DESKTOP-V4GURUG'],
 'spider': ['trans_content'],
 'title': [' Write a research proposal for an original empirical study. The '
           'proposal is intended to build on... ']}
2020-05-08 12:43:00 [scrapy.extensions.logstats] INFO: Crawled 8 pages (at 1 pages/min), scraped 8 items (at 1 items/min)
2020-05-08 12:43:41 [scrapy.extensions.throttle] INFO: slot: 34.224.249.39 | conc: 1 | delay:85000 ms (+0) | latency: 1630 ms | size: 19446 bytes
2020-05-08 12:43:41 [scrapy.core.engine] DEBUG: Crawled (200) <GET https://www.transtutors.com/questions/social-work-agency-assignment-student-scholars-will-view-themselves-as-learners-and--5434704.htm> (referer: https://www.google.com/)
2020-05-08 12:43:41 [trans_content] INFO: [14660]: successfully processed
2020-05-08 12:43:41 [scrapy.core.scraper] DEBUG: Scraped from <200 https://www.transtutors.com/questions/social-work-agency-assignment-student-scholars-will-view-themselves-as-learners-and--5434704.htm>
{'category': ['humanities'],
 'content': ['Social Work Agency Assignment, student scholars will “view '
             'themselves as learners and engage those with whom they work as '
             'informants 2.1.4(4)    Students will be scheduled to give an '
             'oral presentation about his/her agency. Students may use note '
             'cards, PowerPoint or other medians to support the presentations. '
             'This will essentially be a group oral presentation and will be '
             'evaluated as such. Any handouts that the student wishes to '
             'include will be distributed at the end of the presentation. The '
             'presentation should be only be (10) minutes (groups will be '
             'stopped if over the allotted time) long and must include but not '
             'be limited to the following.    1. A history of the agency '
             'and/or program  2. The purposes, functions, goals and types of '
             'services provided by the agency/program  3. A description of the '
             'clientele of the agency/program, areas of diversity/difference '
             'and strengths perspectives  4. The primary problems presented by '
             'the clients that the agency/program serves  5. How the '
             'agency/program is funded  6. Your impression and explanation of '
             'the Social Worker’s understanding of the scope of the services '
             'available to them through the specific agency/program setting  '
             "7. The interviewees' knowledge and perception of the role of "
             'social work ethics within the agency/program'],
 'date': [datetime.datetime(2020, 5, 8, 12, 43, 41, 222203)],
 'link_no': [14660],
 'project': ['trans'],
 'server': ['DESKTOP-V4GURUG'],
 'spider': ['trans_content'],
 'title': [' Social Work Agency Assignment, student scholars will “view '
           'themselves as learners and engage... ']}
2020-05-08 12:43:51 [scrapy.extensions.throttle] INFO: slot: www.transtutors.com | conc: 1 | delay:85000 ms (+0) | latency: 3704 ms | size: 18624 bytes
2020-05-08 12:43:51 [scrapy.core.engine] DEBUG: Crawled (200) <GET https://www.transtutors.com/questions/find-three-peer-reviewed-journal-articles-that-address-common-conditions-and-assessm-5436928.htm> (referer: https://www.google.com/)
2020-05-08 12:43:51 [trans_content] INFO: [14655]: successfully processed
2020-05-08 12:43:51 [scrapy.core.scraper] DEBUG: Scraped from <200 https://www.transtutors.com/questions/find-three-peer-reviewed-journal-articles-that-address-common-conditions-and-assessm-5436928.htm>
{'category': ['humanities'],
 'content': [''],
 'date': [datetime.datetime(2020, 5, 8, 12, 43, 51, 968657)],
 'link_no': [14655],
 'project': ['trans'],
 'server': ['DESKTOP-V4GURUG'],
 'spider': ['trans_content'],
 'title': [' Find three peer-reviewed journal articles that address common '
           'conditions and assessment... ']}
2020-05-08 12:44:00 [scrapy.extensions.logstats] INFO: Crawled 10 pages (at 2 pages/min), scraped 10 items (at 2 items/min)
2020-05-08 12:45:00 [scrapy.extensions.logstats] INFO: Crawled 10 pages (at 0 pages/min), scraped 10 items (at 0 items/min)
2020-05-08 12:45:38 [scrapy.extensions.throttle] INFO: slot: 34.224.249.39 | conc: 1 | delay:85000 ms (+0) | latency:  730 ms | size: 19643 bytes
2020-05-08 12:45:38 [scrapy.core.engine] DEBUG: Crawled (200) <GET https://www.transtutors.com/questions/identify-the-main-energy-and-raw-material-inputs-needed-to-manufacture-this-product--5434492.htm> (referer: https://www.google.com/)
2020-05-08 12:45:38 [trans_content] INFO: [14661]: successfully processed
2020-05-08 12:45:38 [scrapy.core.scraper] DEBUG: Scraped from <200 https://www.transtutors.com/questions/identify-the-main-energy-and-raw-material-inputs-needed-to-manufacture-this-product--5434492.htm>
{'category': ['humanities'],
 'content': ['6. Identify the main energy and raw material inputs needed to '
             'manufacture this product and the stage(s) in the production '
             'process where the majority of energy and materials inputs are '
             'consumed. (2 marks- Marking Criteria: Understand concepts)    7. '
             'Identify the main causes of unsustainability over the product’s '
             'lifecycle (production, distribution, consumption and disposal '
             'stages).  (3 marks- Marking Criteria: Apply theory, Understand '
             'concepts, Analyse and interpret information)      8. By applying '
             'the principle of the ‘waste=food model’ or the ‘waste management '
             'hierarchy’ provide one recommendation to reduce the volume of '
             'waste or pollutants discharged in the production, distribution '
             'or consumption of this product.  (4 marks- Marking Criteria: '
             'Apply theory, Creativity)    9. By applying the principle of the '
             'cradle to cradle design protocol, suggest one key improvement to '
             'the design of this product and explain how your idea will reduce '
             'the unsustainability of the product. (4 marks- Marking Criteria: '
             'Apply theory, Creativity)  10. Identify this organisation’s key '
             'stakeholder groups and their specific expectations of the '
             'organisation. (4 marks- Marking Criteria: Understand concepts, '
             'Depth of research)  11. Describe one major corporate social '
             'responsibility (CSR) issue which confronts this organisation.  '
             '(3 marks- Marking Criteria: Understand concepts, Depth of '
             'research, Referencing)'],
 'date': [datetime.datetime(2020, 5, 8, 12, 45, 38, 607580)],
 'link_no': [14661],
 'project': ['trans'],
 'server': ['DESKTOP-V4GURUG'],
 'spider': ['trans_content'],
 'title': [' Identify the main energy and raw material inputs needed to '
           'manufacture this product and the... ']}
2020-05-08 12:46:00 [scrapy.extensions.logstats] INFO: Crawled 11 pages (at 1 pages/min), scraped 11 items (at 1 items/min)
2020-05-08 12:47:00 [scrapy.extensions.logstats] INFO: Crawled 11 pages (at 0 pages/min), scraped 11 items (at 0 items/min)
2020-05-08 12:47:02 [scrapy.extensions.throttle] INFO: slot: 34.224.249.39 | conc: 1 | delay:85000 ms (+0) | latency: 1812 ms | size: 20400 bytes
2020-05-08 12:47:02 [scrapy.core.engine] DEBUG: Crawled (200) <GET https://www.transtutors.com/questions/why-do-girls-break-the-law-how-do-their-reasons-for-law-breaking-differ-from-males--5434268.htm> (referer: https://www.google.com/)
2020-05-08 12:47:02 [trans_content] INFO: [14662]: successfully processed
2020-05-08 12:47:02 [scrapy.core.scraper] DEBUG: Scraped from <200 https://www.transtutors.com/questions/why-do-girls-break-the-law-how-do-their-reasons-for-law-breaking-differ-from-males--5434268.htm>
{'category': ['humanities'],
 'content': [''],
 'date': [datetime.datetime(2020, 5, 8, 12, 47, 2, 601571)],
 'link_no': [14662],
 'project': ['trans'],
 'server': ['DESKTOP-V4GURUG'],
 'spider': ['trans_content'],
 'title': [' Why do girls break the law? How do their reasons for law-breaking '
           'differ from males?... ']}
2020-05-08 12:48:00 [scrapy.extensions.logstats] INFO: Crawled 12 pages (at 1 pages/min), scraped 12 items (at 1 items/min)
2020-05-08 12:49:00 [scrapy.extensions.logstats] INFO: Crawled 12 pages (at 0 pages/min), scraped 12 items (at 0 items/min)
2020-05-08 12:49:09 [scrapy.extensions.throttle] INFO: slot: 34.224.249.39 | conc: 1 | delay:85000 ms (+0) | latency: 1875 ms | size: 20771 bytes
2020-05-08 12:49:09 [scrapy.core.engine] DEBUG: Crawled (200) <GET https://www.transtutors.com/questions/the-goal-of-this-minor-essay-assignment-is-to-demonstrate-your-understanding-of-how--5434133.htm> (referer: https://www.google.com/)
2020-05-08 12:49:09 [trans_content] INFO: [14663]: successfully processed
2020-05-08 12:49:09 [scrapy.core.scraper] DEBUG: Scraped from <200 https://www.transtutors.com/questions/the-goal-of-this-minor-essay-assignment-is-to-demonstrate-your-understanding-of-how--5434133.htm>
{'category': ['humanities'],
 'content': ['Is globalization a new phenomenon? Why or why not?'],
 'date': [datetime.datetime(2020, 5, 8, 12, 49, 9, 189963)],
 'link_no': [14663],
 'project': ['trans'],
 'server': ['DESKTOP-V4GURUG'],
 'spider': ['trans_content'],
 'title': [' The goal of this minor essay assignment is to demonstrate your '
           'understanding of how globalization... ']}
2020-05-08 12:50:00 [scrapy.extensions.logstats] INFO: Crawled 13 pages (at 1 pages/min), scraped 13 items (at 1 items/min)
2020-05-08 12:51:00 [scrapy.extensions.logstats] INFO: Crawled 13 pages (at 0 pages/min), scraped 13 items (at 0 items/min)
2020-05-08 12:51:12 [scrapy.extensions.throttle] INFO: slot: 34.224.249.39 | conc: 1 | delay:85000 ms (+0) | latency: 1375 ms | size: 19094 bytes
2020-05-08 12:51:12 [scrapy.core.engine] DEBUG: Crawled (200) <GET https://www.transtutors.com/questions/select-two-contrasting-theories-used-by-social-workers-as-discussed-in-class--5434119.htm> (referer: https://www.google.com/)
2020-05-08 12:51:12 [trans_content] INFO: [14664]: successfully processed
2020-05-08 12:51:12 [scrapy.core.scraper] DEBUG: Scraped from <200 https://www.transtutors.com/questions/select-two-contrasting-theories-used-by-social-workers-as-discussed-in-class--5434119.htm>
{'category': ['humanities'],
 'content': ['Select two contrasting theories used by social workers, as '
             'discussed in class.  I would like to discuss  • Pychodynamic '
             'theory  • Cognitive-Behaviourist theory  (i) Describe each '
             'theory (about 600 words total)  (ii) Critically examine their '
             'cultural and epistemological assumptions (about 800 words)  '
             '(iii) Discuss the implications of this for social work practice '
             '(about 600 words)  In writing this assignment you may use the '
             'first person if you wish (e.g. ”I think . . .”, ”My experience '
             'of . . .) etc    Marking Criteria:  You will be assessed on how '
             'well you understand the theories you have selected (10 marks)  '
             'How well you analyse them in terms of epistemological and '
             'cultural assumptions (20 marks)  How well you can relate these '
             'to social work practice (20 marks).'],
 'date': [datetime.datetime(2020, 5, 8, 12, 51, 12, 345784)],
 'link_no': [14664],
 'project': ['trans'],
 'server': ['DESKTOP-V4GURUG'],
 'spider': ['trans_content'],
 'title': [' Select two contrasting theories used by social workers, as '
           'discussed in class.... ']}
2020-05-08 12:52:00 [scrapy.extensions.logstats] INFO: Crawled 14 pages (at 1 pages/min), scraped 14 items (at 1 items/min)
2020-05-08 12:53:00 [scrapy.extensions.logstats] INFO: Crawled 14 pages (at 0 pages/min), scraped 14 items (at 0 items/min)
2020-05-08 12:53:12 [scrapy.extensions.throttle] INFO: slot: 34.224.249.39 | conc: 1 | delay:85000 ms (+0) | latency:  943 ms | size: 18438 bytes
2020-05-08 12:53:12 [scrapy.core.engine] DEBUG: Crawled (200) <GET https://www.transtutors.com/questions/does-professor-gordon-s-evaluation-of-de-tocqueville-s-words-coincide-with-your-own--5433906.htm> (referer: https://www.google.com/)
2020-05-08 12:53:12 [trans_content] INFO: [14665]: successfully processed
2020-05-08 12:53:12 [scrapy.core.scraper] DEBUG: Scraped from <200 https://www.transtutors.com/questions/does-professor-gordon-s-evaluation-of-de-tocqueville-s-words-coincide-with-your-own--5433906.htm>
{'category': ['humanities'],
 'content': [''],
 'date': [datetime.datetime(2020, 5, 8, 12, 53, 12, 687042)],
 'link_no': [14665],
 'project': ['trans'],
 'server': ['DESKTOP-V4GURUG'],
 'spider': ['trans_content'],
 'title': [" Does Professor Gordon's evaluation of de Tocqueville's words "
           'coincide with your own? If there are... ']}
2020-05-08 12:54:00 [scrapy.extensions.logstats] INFO: Crawled 15 pages (at 1 pages/min), scraped 15 items (at 1 items/min)
2020-05-08 12:55:00 [scrapy.extensions.logstats] INFO: Crawled 15 pages (at 0 pages/min), scraped 15 items (at 0 items/min)
2020-05-08 12:55:21 [scrapy.extensions.throttle] INFO: slot: 34.224.249.39 | conc: 1 | delay:85000 ms (+0) | latency: 1838 ms | size: 18854 bytes
2020-05-08 12:55:21 [scrapy.core.engine] DEBUG: Crawled (200) <GET https://www.transtutors.com/questions/adult-development-and-aging-life-is-characterized-by-transformations-every-aspect-of-5433834.htm> (referer: https://www.google.com/)
2020-05-08 12:55:21 [trans_content] INFO: [14666]: successfully processed
2020-05-08 12:55:21 [scrapy.core.scraper] DEBUG: Scraped from <200 https://www.transtutors.com/questions/adult-development-and-aging-life-is-characterized-by-transformations-every-aspect-of-5433834.htm>
{'category': ['humanities'],
 'content': [''],
 'date': [datetime.datetime(2020, 5, 8, 12, 55, 21, 431369)],
 'link_no': [14666],
 'project': ['trans'],
 'server': ['DESKTOP-V4GURUG'],
 'spider': ['trans_content'],
 'title': [' Adult Development and Aging Life is characterized by '
           'transformations; every aspect of the human... ']}
2020-05-08 12:56:00 [scrapy.extensions.logstats] INFO: Crawled 16 pages (at 1 pages/min), scraped 16 items (at 1 items/min)
2020-05-08 12:56:59 [scrapy.extensions.throttle] INFO: slot: 34.224.249.39 | conc: 1 | delay:85000 ms (+0) | latency: 1125 ms | size: 19874 bytes
2020-05-08 12:56:59 [scrapy.core.engine] DEBUG: Crawled (200) <GET https://www.transtutors.com/questions/what-do-you-think-of-the-dominance-of-the-roman-church-in-the-middle-ages-any-positi-5433805.htm> (referer: https://www.google.com/)
2020-05-08 12:56:59 [trans_content] INFO: [14667]: successfully processed
2020-05-08 12:56:59 [scrapy.core.scraper] DEBUG: Scraped from <200 https://www.transtutors.com/questions/what-do-you-think-of-the-dominance-of-the-roman-church-in-the-middle-ages-any-positi-5433805.htm>
{'category': ['humanities'],
 'content': [''],
 'date': [datetime.datetime(2020, 5, 8, 12, 56, 59, 689410)],
 'link_no': [14667],
 'project': ['trans'],
 'server': ['DESKTOP-V4GURUG'],
 'spider': ['trans_content'],
 'title': [' What do you think of the dominance of the Roman Church in the '
           'Middle Ages? Any positive and/or... ']}
2020-05-08 12:57:00 [scrapy.extensions.logstats] INFO: Crawled 17 pages (at 1 pages/min), scraped 17 items (at 1 items/min)
2020-05-08 12:58:00 [scrapy.extensions.logstats] INFO: Crawled 17 pages (at 0 pages/min), scraped 17 items (at 0 items/min)
2020-05-08 12:58:43 [scrapy.extensions.throttle] INFO: slot: 34.224.249.39 | conc: 1 | delay:85000 ms (+0) | latency:  958 ms | size: 20647 bytes
2020-05-08 12:58:43 [scrapy.core.engine] DEBUG: Crawled (200) <GET https://www.transtutors.com/questions/for-this-assessment-source-a-journal-article-of-your-choice-on-recent-research-about-5432982.htm> (referer: https://www.google.com/)
2020-05-08 12:58:43 [trans_content] INFO: [14668]: successfully processed
2020-05-08 12:58:43 [scrapy.core.scraper] DEBUG: Scraped from <200 https://www.transtutors.com/questions/for-this-assessment-source-a-journal-article-of-your-choice-on-recent-research-about-5432982.htm>
{'category': ['humanities'],
 'content': ['For this assessment, source a journal article of your choice on '
             'recent research about a current social issue. The study should '
             'have been conducted within the last 5 years. The assessment asks '
             'you to critique the paper by discussing the component parts. In '
             'answering this assessment, students should first briefly '
             'describe the paper, including: 1. the stated rationale and '
             'background for the study 2. the aims and objectives of the study '
             '3. an overview of the research methods used, including the '
             'techniques for sampling, data collection and data analysis. '
             'Then, after the above description of the paper, conduct a '
             'critical assessment of the methods used. This should include a '
             'critical discussion of the following areas: 1. the overall '
             'research design 2. the way key concepts were defined and '
             'measured 3. the sampling process 4. the data collection methods '
             '5. the way the data was analysed 6. the approach to '
             'interpretation of results 7. ethical issues In your assessment, '
             'discuss the strengths and weaknesses of the methodological '
             'approach showing what could have been done differently and why. '
             'Issues of validity and reliability should also be mentioned.'],
 'date': [datetime.datetime(2020, 5, 8, 12, 58, 43, 737433)],
 'link_no': [14668],
 'project': ['trans'],
 'server': ['DESKTOP-V4GURUG'],
 'spider': ['trans_content'],
 'title': [' For this assessment, source a journal article of your choice on '
           'recent research about a current... ']}
2020-05-08 12:59:00 [scrapy.extensions.logstats] INFO: Crawled 18 pages (at 1 pages/min), scraped 18 items (at 1 items/min)
2020-05-08 13:00:00 [scrapy.extensions.logstats] INFO: Crawled 18 pages (at 0 pages/min), scraped 18 items (at 0 items/min)
2020-05-08 13:00:36 [scrapy.extensions.throttle] INFO: slot: 34.224.249.39 | conc: 1 | delay:85000 ms (+0) | latency: 2861 ms | size: 20297 bytes
2020-05-08 13:00:36 [scrapy.core.engine] DEBUG: Crawled (200) <GET https://www.transtutors.com/questions/1-what-does-it-mean-to-say-that-an-individual-is-an-information-literate-person-2-ci-5432807.htm> (referer: https://www.google.com/)
2020-05-08 13:00:36 [trans_content] INFO: [14669]: successfully processed
2020-05-08 13:00:36 [scrapy.core.scraper] DEBUG: Scraped from <200 https://www.transtutors.com/questions/1-what-does-it-mean-to-say-that-an-individual-is-an-information-literate-person-2-ci-5432807.htm>
{'category': ['humanities'],
 'content': [''],
 'date': [datetime.datetime(2020, 5, 8, 13, 0, 36, 927185)],
 'link_no': [14669],
 'project': ['trans'],
 'server': ['DESKTOP-V4GURUG'],
 'spider': ['trans_content'],
 'title': [' 1.What does it mean to say that an individual is an “information '
           'literate person”? 2.Cite... ']}
2020-05-08 13:01:00 [scrapy.extensions.logstats] INFO: Crawled 19 pages (at 1 pages/min), scraped 19 items (at 1 items/min)
2020-05-08 13:01:42 [scrapy.extensions.throttle] INFO: slot: 34.224.249.39 | conc: 1 | delay:85000 ms (+0) | latency: 1064 ms | size: 19710 bytes
2020-05-08 13:01:42 [scrapy.core.engine] DEBUG: Crawled (200) <GET https://www.transtutors.com/questions/analyse-the-case-study-from-the-perspective-of-the-2-theories-you-have-selected-you--5432719.htm> (referer: https://www.google.com/)
2020-05-08 13:01:42 [trans_content] INFO: [14670]: successfully processed
2020-05-08 13:01:42 [scrapy.core.scraper] DEBUG: Scraped from <200 https://www.transtutors.com/questions/analyse-the-case-study-from-the-perspective-of-the-2-theories-you-have-selected-you--5432719.htm>
{'category': ['humanities'],
 'content': ['Task overview:  1. Choose 1 problem solving theory, i.e. task '
             'centred practice OR crisis intervention  2. Choose 1 '
             'psychological theory, i.e. cognitive behavioural therapy OR '
             'attachment  3. Analyse the case study from the perspective of '
             'the 2 theories you have selected. You need to:  1. Describe the '
             'main arguments of each theory (approx. 250 words per theory)  2. '
             'Explain why you selected that specific theory; why it is helpful '
             'in understanding the case study? (approx. 150 words per theory)  '
             '3. Identify 2 key principles from each of the theories (4 in '
             'total)  4. Apply the 4 principles to aspects of the case study; '
             'how do they inform your understanding of the case study? How '
             'would they shape your practice? (approx. 250 words per '
             'principle)  4. Draw an eco-map and genogram that represent the '
             'case study (approx. 50 words)  5. Using the principle of stress, '
             'explain why systems theory is helpful in understanding the case '
             'study (approx. 350 words)  Please use sub-headings and include a '
             'brief introduction and conclusion (i.e. 150 words each).  The '
             'word limit is 2500 words. 10% variance is allowed.  It is '
             'acceptable to write in first person and use personal pronouns '
             'such as "I" or "my" in this assessment.  This assessment must be '
             'supported by at least 10 academic references. You will need to '
             'use topic materials and undertake wider research. APA '
             'referencing conventions must be used.  Please see the Marking '
             'ruberic (in Topic central in FLO) for more information on the '
             'assessment criteria.  Please submit via the Assessment link in '
             'Topic central in FLO.'],
 'date': [datetime.datetime(2020, 5, 8, 13, 1, 42, 363392)],
 'link_no': [14670],
 'project': ['trans'],
 'server': ['DESKTOP-V4GURUG'],
 'spider': ['trans_content'],
 'title': [' Analyse the case study from the perspective of the 2 theories you '
           'have selected. You need to:... ']}
2020-05-08 13:02:00 [scrapy.extensions.logstats] INFO: Crawled 20 pages (at 1 pages/min), scraped 20 items (at 1 items/min)
2020-05-08 13:03:00 [scrapy.extensions.logstats] INFO: Crawled 20 pages (at 0 pages/min), scraped 20 items (at 0 items/min)
2020-05-08 13:03:38 [scrapy.extensions.throttle] INFO: slot: 34.224.249.39 | conc: 1 | delay:85000 ms (+0) | latency: 5394 ms | size: 20200 bytes
2020-05-08 13:03:38 [scrapy.core.engine] DEBUG: Crawled (200) <GET https://www.transtutors.com/questions/explain-whether-you-think-that-this-is-the-appropriate-correlation-or-bivariate-regr-5432455.htm> (referer: https://www.google.com/)
2020-05-08 13:03:38 [trans_content] INFO: [14671]: successfully processed
2020-05-08 13:03:38 [scrapy.core.scraper] DEBUG: Scraped from <200 https://www.transtutors.com/questions/explain-whether-you-think-that-this-is-the-appropriate-correlation-or-bivariate-regr-5432455.htm>
{'category': ['humanities'],
 'content': [''],
 'date': [datetime.datetime(2020, 5, 8, 13, 3, 38, 189589)],
 'link_no': [14671],
 'project': ['trans'],
 'server': ['DESKTOP-V4GURUG'],
 'spider': ['trans_content'],
 'title': [' Explain whether you think that this is the appropriate '
           'correlation or bivariate regression... ']}
2020-05-08 13:04:00 [scrapy.extensions.logstats] INFO: Crawled 21 pages (at 1 pages/min), scraped 21 items (at 1 items/min)
2020-05-08 13:04:42 [scrapy.extensions.throttle] INFO: slot: 34.224.249.39 | conc: 1 | delay:85000 ms (+0) | latency: 2256 ms | size: 22697 bytes
2020-05-08 13:04:42 [scrapy.core.engine] DEBUG: Crawled (200) <GET https://www.transtutors.com/questions/once-your-group-has-chosen-its-pbl-topic-each-member-of-the-group-will-contribute-to-5431695.htm> (referer: https://www.google.com/)
2020-05-08 13:04:42 [trans_content] INFO: [14672]: successfully processed
2020-05-08 13:04:42 [scrapy.core.scraper] DEBUG: Scraped from <200 https://www.transtutors.com/questions/once-your-group-has-chosen-its-pbl-topic-each-member-of-the-group-will-contribute-to-5431695.htm>
{'category': ['humanities'],
 'content': ['Once your group has chosen its PBL topic, each member of the '
             'group will contribute to and share the research. Then each '
             'individual will report on the group’s findings using the Report '
             'structure and template provided.  1. Read/watch the suggested '
             'resources that have been provided to you. As you read/watch, '
             'take notes. It is recommended that you use the Cornell notes '
             'structure.  2. Complete further research, as needed, to help you '
             'complement the resources that have been provided.  3. Begin to '
             'plan your report using the documents called PBL Report structure '
             'guidance for students and Report structure and template. (You '
             'will find these in the LMS).  4. As you complete your initial '
             'planning, take note of remaining gaps in your research.  5. '
             'Complete remaining research and start to plan your report.  6. '
             'Consult with your teacher, as needed, during the research and '
             'planning stages.  7. Write a first draft of your report; don’t '
             'forget to include citations and a reference list.  8. Proof-read '
             'and edit and get some peer feedback on the first draft of your '
             'report.  9. Submit your draft report to your teacher, via Turn '
             'It In, for feedback.  10. Use the feedback from your teacher, '
             'and peers, to review and edit your report.  11. Complete a final '
             'proof-read and edit of your report before the final '
             'submission.      Reminders/Tips for the report process:      • '
             'While the Report structure might be a new skill and text type '
             'that you are learning, you can still use the TEEL structure for '
             'your paragraphs.  • It is advised that group members help one '
             'another with the peer drafting of the report. This will allow '
             'you to talk with each other about the research and help you to '
             'prepare for the group components of the Project (Part B).'],
 'date': [datetime.datetime(2020, 5, 8, 13, 4, 42, 957074)],
 'link_no': [14672],
 'project': ['trans'],
 'server': ['DESKTOP-V4GURUG'],
 'spider': ['trans_content'],
 'title': [' Once your group has chosen its PBL topic, each member of the '
           'group will contribute to and share... ']}
2020-05-08 13:05:00 [scrapy.extensions.logstats] INFO: Crawled 22 pages (at 1 pages/min), scraped 22 items (at 1 items/min)
2020-05-08 13:06:00 [scrapy.extensions.logstats] INFO: Crawled 22 pages (at 0 pages/min), scraped 22 items (at 0 items/min)
2020-05-08 13:06:49 [scrapy.extensions.throttle] INFO: slot: 34.224.249.39 | conc: 1 | delay:85000 ms (+0) | latency: 3734 ms | size: 20284 bytes
2020-05-08 13:06:49 [scrapy.core.engine] DEBUG: Crawled (200) <GET https://www.transtutors.com/questions/summarise-the-neurophysiological-evidence-for-the-right-hemisphere-differing-from-t-5431292.htm> (referer: https://www.google.com/)
2020-05-08 13:06:50 [trans_content] INFO: [14673]: successfully processed
2020-05-08 13:06:50 [scrapy.core.scraper] DEBUG: Scraped from <200 https://www.transtutors.com/questions/summarise-the-neurophysiological-evidence-for-the-right-hemisphere-differing-from-t-5431292.htm>
{'category': ['humanities'],
 'content': [''],
 'date': [datetime.datetime(2020, 5, 8, 13, 6, 50, 116986)],
 'link_no': [14673],
 'project': ['trans'],
 'server': ['DESKTOP-V4GURUG'],
 'spider': ['trans_content'],
 'title': [' “Summarise the neurophysiological evidence for the right '
           'hemisphere differing from the left... ']}
2020-05-08 13:07:00 [scrapy.extensions.logstats] INFO: Crawled 23 pages (at 1 pages/min), scraped 23 items (at 1 items/min)
2020-05-08 13:08:00 [scrapy.extensions.logstats] INFO: Crawled 23 pages (at 0 pages/min), scraped 23 items (at 0 items/min)
2020-05-08 13:08:28 [scrapy.extensions.throttle] INFO: slot: 34.224.249.39 | conc: 1 | delay:85000 ms (+0) | latency: 6219 ms | size: 19917 bytes
2020-05-08 13:08:28 [scrapy.core.engine] DEBUG: Crawled (200) <GET https://www.transtutors.com/questions/evidence-of-understanding-of-the-guiding-principles-and-theories-of-case-management--5431282.htm> (referer: https://www.google.com/)
2020-05-08 13:08:28 [trans_content] INFO: [14674]: successfully processed
2020-05-08 13:08:28 [scrapy.core.scraper] DEBUG: Scraped from <200 https://www.transtutors.com/questions/evidence-of-understanding-of-the-guiding-principles-and-theories-of-case-management--5431282.htm>
{'category': ['humanities'],
 'content': ['• Evidence of understanding of the guiding principles and '
             'theories of case management and use of these. • Clearly identify '
             'and justify your choice of approach utilising principles and '
             'theories of case management. • Discuss the strengths and '
             'limitations of a case management approach within a '
             'multidisclinary setting. • Discuss how case management '
             'principles and approaches might influence your practice as a '
             'social worker • Correct grammar, punctuation and spelling • '
             'Referencing using APA (6th edition) conventions'],
 'date': [datetime.datetime(2020, 5, 8, 13, 8, 28, 348339)],
 'link_no': [14674],
 'project': ['trans'],
 'server': ['DESKTOP-V4GURUG'],
 'spider': ['trans_content'],
 'title': [' Evidence of understanding of the guiding principles and theories '
           'of case management and use of... ']}
