2020-05-08 08:53:26 [scrapy.utils.log] INFO: Scrapy 1.7.3 started (bot: trans)
2020-05-08 08:53:26 [scrapy.utils.log] INFO: Versions: lxml 4.4.1.0, libxml2 2.9.5, cssselect 1.1.0, parsel 1.5.2, w3lib 1.21.0, Twisted 19.7.0, Python 3.7.3 (default, Apr 24 2019, 15:29:51) [MSC v.1915 64 bit (AMD64)], pyOpenSSL 19.0.0 (OpenSSL 1.1.1  11 Sep 2018), cryptography 2.7, Platform Windows-10-10.0.18362-SP0
2020-05-08 08:53:26 [scrapy.crawler] INFO: Overridden settings: {'AUTOTHROTTLE_DEBUG': 'True', 'AUTOTHROTTLE_ENABLED': 'True', 'AUTOTHROTTLE_MAX_DELAY': '360.0', 'AUTOTHROTTLE_START_DELAY': '20.0', 'AUTOTHROTTLE_TARGET_CONCURRENCY': '0.25', 'BOT_NAME': 'trans', 'CONCURRENT_REQUESTS_PER_IP': 1, 'COOKIES_ENABLED': False, 'DOWNLOAD_DELAY': '85', 'HTTPCACHE_ENABLED': 'True', 'LOG_FILE': 'C:\\Users\\Admin\\Documents\\projects\\crawler\\Devt\\trans\\psychology_links_8_may.log', 'NEWSPIDER_MODULE': 'trans.spiders', 'SPIDER_MODULES': ['trans.spiders'], 'USER_AGENT': 'Mozilla/5.0 (Macintosh; Intel Mac OS X 10_11_6) AppleWebKit/601.7.7 (KHTML, like Gecko) Version/9.1.2 Safari/601.7.7'}
2020-05-08 08:53:26 [scrapy.extensions.telnet] INFO: Telnet Password: 56c2b2698078f271
2020-05-08 08:53:26 [scrapy.middleware] INFO: Enabled extensions:
['scrapy.extensions.corestats.CoreStats',
 'scrapy.extensions.telnet.TelnetConsole',
 'scrapy.extensions.logstats.LogStats',
 'scrapy.extensions.throttle.AutoThrottle']
2020-05-08 08:53:28 [scrapy.middleware] INFO: Enabled downloader middlewares:
['scrapy.downloadermiddlewares.httpauth.HttpAuthMiddleware',
 'scrapy.downloadermiddlewares.downloadtimeout.DownloadTimeoutMiddleware',
 'scrapy.downloadermiddlewares.defaultheaders.DefaultHeadersMiddleware',
 'scrapy.downloadermiddlewares.useragent.UserAgentMiddleware',
 'scrapy.downloadermiddlewares.retry.RetryMiddleware',
 'scrapy.downloadermiddlewares.redirect.MetaRefreshMiddleware',
 'scrapy.downloadermiddlewares.httpcompression.HttpCompressionMiddleware',
 'scrapy.downloadermiddlewares.redirect.RedirectMiddleware',
 'scrapy.downloadermiddlewares.httpproxy.HttpProxyMiddleware',
 'scrapy.downloadermiddlewares.stats.DownloaderStats',
 'scrapy.downloadermiddlewares.httpcache.HttpCacheMiddleware']
2020-05-08 08:53:28 [scrapy.middleware] INFO: Enabled spider middlewares:
['scrapy.spidermiddlewares.httperror.HttpErrorMiddleware',
 'scrapy.spidermiddlewares.offsite.OffsiteMiddleware',
 'scrapy.spidermiddlewares.referer.RefererMiddleware',
 'scrapy.spidermiddlewares.urllength.UrlLengthMiddleware',
 'scrapy.spidermiddlewares.depth.DepthMiddleware']
2020-05-08 08:53:28 [scrapy.middleware] INFO: Enabled item pipelines:
['trans.pipelines.link_db.LinkSaver']
2020-05-08 08:53:28 [scrapy.core.engine] INFO: Spider opened
2020-05-08 08:53:28 [scrapy.extensions.logstats] INFO: Crawled 0 pages (at 0 pages/min), scraped 0 items (at 0 items/min)
2020-05-08 08:53:28 [scrapy.extensions.httpcache] DEBUG: Using filesystem cache storage in C:\Users\Admin\Documents\projects\crawler\Devt\trans\trans_project\.scrapy\httpcache
2020-05-08 08:53:28 [scrapy.extensions.telnet] INFO: Telnet console listening on 127.0.0.1:6024
2020-05-08 08:53:36 [scrapy.extensions.throttle] INFO: slot: www.transtutors.com | conc: 1 | delay:85000 ms (+0) | latency: 8386 ms | size: 21978 bytes
2020-05-08 08:53:36 [scrapy.core.engine] DEBUG: Crawled (200) <GET https://www.transtutors.com/questions/humanities/psychology/> (referer: None)
2020-05-08 08:53:37 [scrapy.core.scraper] DEBUG: Scraped from <200 https://www.transtutors.com/questions/humanities/psychology/>
{'category': ['psychology'],
 'date': [datetime.datetime(2020, 5, 8, 8, 53, 36, 970855)],
 'link': ['https://www.transtutors.com/questions/the-purpose-of-this-paper-is-for-you-to-demonstrate-your-ability-to-apply-a-working--5437466.htm',
          'https://www.transtutors.com/questions/find-three-peer-reviewed-journal-articles-that-address-common-conditions-and-assessm-5436928.htm',
          'https://www.transtutors.com/questions/1-complex-visual-processing-such-as-visuospatial-processing-happens-in-which-part-of-5436785.htm',
          'https://www.transtutors.com/questions/select-a-character-from-a-film-novel-tv-show-where-the-character-has-suffered-loss-a-5434726.htm',
          'https://www.transtutors.com/questions/does-professor-gordon-s-evaluation-of-de-tocqueville-s-words-coincide-with-your-own--5433906.htm',
          'https://www.transtutors.com/questions/summarise-the-neurophysiological-evidence-for-the-right-hemisphere-differing-from-t-5431292.htm',
          'https://www.transtutors.com/questions/outline-the-different-ways-in-which-crime-can-be-defined-what-do-these-different-def-5429996.htm',
          'https://www.transtutors.com/questions/imagine-an-international-organization-has-approached-you-to-help-resolve-an-inter-gr-5429776.htm',
          'https://www.transtutors.com/questions/describe-the-experience-in-your-memory-in-as-much-detail-as-you-can-what-happened--5428943.htm',
          'https://www.transtutors.com/questions/q-if-an-individuals-score-profile-on-the-pgi-produces-discrepancy-between-interests--5428293.htm',
          'https://www.transtutors.com/questions/ps360-4-determine-the-best-behavior-modification-techniques-to-apply-in-different-sc-5380146.htm',
          'https://www.transtutors.com/questions/explain-how-the-principles-of-applied-behavior-analysis-are-applied-when-modifying-t-5380009.htm',
          'https://www.transtutors.com/questions/create-a-study-to-examine-the-psychological-factors-affecting-how-teenagers-in-an-im-5379670.htm',
          'https://www.transtutors.com/questions/explain-the-importance-of-self-awareness-and-emotional-intelligence-and-analyze-its--5375475.htm',
          'https://www.transtutors.com/questions/create-a-3-5-page-paper-in-apa-format-to-substantiate-your-viewpoint-pro-or-con-as-i-5369380.htm',
          'https://www.transtutors.com/questions/do-you-consider-descartes-a-modern-philosopher-given-everything-we-ve-read-and-discu-5341635.htm',
          'https://www.transtutors.com/questions/how-does-the-material-in-your-textbook-on-the-topics-of-self-presentation-and-social-5308801.htm',
          'https://www.transtutors.com/questions/on-the-topic-of-social-influence-we-know-that-conformity-occurs-when-people-yield-to-5289278.htm',
          'https://www.transtutors.com/questions/explain-if-anything-specifically-could-be-changed-to-make-the-studies-ethical-for-pa-5252847.htm',
          'https://www.transtutors.com/questions/write-a-brief-summary-of-the-article-to-demonstrate-your-understanding-this-summary--5238248.htm',
          'https://www.transtutors.com/questions/how-do-personal-and-psychological-characteristics-personality-self-efficacy-aptitude-5216158.htm',
          'https://www.transtutors.com/questions/identify-the-main-points-that-will-comprise-your-argument-and-start-arranging-these--5202625.htm',
          'https://www.transtutors.com/questions/what-are-the-most-common-positions-and-what-is-the-compromise-that-can-be-achieved-t-5190653.htm',
          'https://www.transtutors.com/questions/are-some-theories-easier-to-use-than-others-when-constructing-research-questions--5177218.htm',
          'https://www.transtutors.com/questions/what-would-you-say-to-a-young-person-who-asked-your-opinion-of-taking-drugs-what-neg-5128697.htm',
          'https://www.transtutors.com/questions/if-peter-singer-and-j-baird-calicutt-debated-environmental-ethics-what-would-each-th-5120638.htm',
          'https://www.transtutors.com/questions/edfd546-supplementary-assessment-develop-and-apply-a-critical-understanding-of-stude-5114391.htm',
          'https://www.transtutors.com/questions/specificity-and-measurability-of-instructional-objectives-in-operational-terms-quali-5103217.htm',
          'https://www.transtutors.com/questions/dr-w-taught-four-general-psychology-classes-last-semester-each-of-her-classes-was-th-5103215.htm',
          'https://www.transtutors.com/questions/design-and-produce-a-debate-in-which-you-have-a-psychologist-from-the-gestalt-therap-5103196.htm',
          'https://www.transtutors.com/questions/shane-is-a-10-year-old-boy-in-the-seventh-grade-at-a-private-school-shane-has-a-norm-5103055.htm',
          'https://www.transtutors.com/questions/select-a-couple-or-family-from-a-popular-culture-movie-tv-sitcom-novel-drama-series--4955608.htm',
          'https://www.transtutors.com/questions/1-what-is-your-research-question-try-phrasing-it-as-what-is-the-effect-of-x-on-y--4953667.htm',
          'https://www.transtutors.com/questions/the-purpose-of-this-assignment-is-to-provide-an-opportunity-to-integrate-knowledge-a-4953560.htm',
          'https://www.transtutors.com/questions/women-and-their-children-often-come-for-counselling-after-escaping-domestic-violence-4952631.htm',
          'https://www.transtutors.com/questions/explain-the-warning-signs-you-can-look-for-in-a-client-that-is-disabled-but-may-be-e-4952628.htm',
          'https://www.transtutors.com/questions/kanita-spent-4-years-with-the-label-ebd-even-though-her-first-ebd-teacher-wondered-w-4952516.htm',
          'https://www.transtutors.com/questions/write-a-critique-of-the-ideas-ethical-codes-and-approaches-to-counseling-presented-o-4947434.htm',
          'https://www.transtutors.com/questions/repeat-problem-13-60-but-choose-rd-equal-to-four-times-the-minimum-acceptable-value--4930066.htm',
          'https://www.transtutors.com/questions/in-the-circuit-of-fig-13-9-a-vdd-vb-0-6-v-a-choose-w-l-of-the-pmos-devices-for-a-bia-4926364.htm',
          'https://www.transtutors.com/questions/1-which-of-the-many-classic-and-not-so-classic-studies-in-social-psychology-are-the--4910620.htm',
          'https://www.transtutors.com/questions/in-a-scan-of-a-number-of-books-in-the-college-bookstore-you-have-discovered-that-it--4904823.htm',
          'https://www.transtutors.com/questions/you-will-consider-a-research-scenario-develop-hypotheses-analyse-data-using-spss-int-4897348.htm',
          'https://www.transtutors.com/questions/you-ve-just-designed-a-new-measure-on-a-construct-you-call-pessimism-you-want-to-see-4895690.htm',
          'https://www.transtutors.com/questions/what-factors-should-an-organization-take-into-consideration-when-planning-for-the-fu-4881649.htm',
          'https://www.transtutors.com/questions/for-this-assignment-you-will-create-a-5-question-test-to-measure-one-of-the-psycholo-4876428.htm',
          'https://www.transtutors.com/questions/how-does-childe-harold-s-pilgrimage-lines-1031-1102-reflect-the-romantic-characteris-4868073.htm',
          'https://www.transtutors.com/questions/journal-critiques-are-to-be-written-in-the-3rdperson-the-critique-must-be-paraphrase-4858959.htm',
          'https://www.transtutors.com/questions/when-proteins-are-heated-above-60-c-they-can-irreversibly-change-shape-what-is-this--4858422.htm',
          'https://www.transtutors.com/questions/what-are-the-values-behind-free-prior-informed-consent-with-regard-to-negotiations-w-4854998.htm'],
 'project': ['trans'],
 'referring_link': ['https://www.transtutors.com/questions/humanities/psychology/'],
 'spider': ['trans_links']}
2020-05-08 08:53:40 [scrapy.extensions.throttle] INFO: slot: 34.224.249.39 | conc: 1 | delay:85000 ms (+0) | latency: 3748 ms | size: 21111 bytes
2020-05-08 08:53:40 [scrapy.core.engine] DEBUG: Crawled (200) <GET https://www.transtutors.com/questions/humanities/psychology/1/> (referer: https://www.google.com/)
2020-05-08 08:53:40 [scrapy.core.scraper] DEBUG: Scraped from <200 https://www.transtutors.com/questions/humanities/psychology/1/>
{'category': ['psychology'],
 'date': [datetime.datetime(2020, 5, 8, 8, 53, 40, 873232)],
 'link': ['https://www.transtutors.com/questions/scenario-public-response-research-context-statement-social-tensions-are-rising-in-yo-4848775.htm',
          'https://www.transtutors.com/questions/in-james-joyce-s-araby-can-the-boy-be-considered-shy-what-evidence-is-there-in-the-t-4845937.htm',
          'https://www.transtutors.com/questions/i-am-looking-for-dissertation-topics-on-mental-health-in-a-non-clinical-sample-it-is-4832101.htm',
          'https://www.transtutors.com/questions/this-is-for-my-foundation-in-psychology-unit-i-would-really-appreciate-it-if-i-could-4830547.htm',
          'https://www.transtutors.com/questions/piaget-s-cogntive-stages-1-how-important-is-it-to-achieve-formal-operational-thought-4799689.htm',
          'https://www.transtutors.com/questions/it-is-required-to-use-a-full-wave-peak-bridge-rectifier-to-design-a-dc-power-supply--4793448.htm',
          'https://www.transtutors.com/questions/psy-110-imagine-that-you-are-a-behavioral-assistant-working-in-a-physician-s-office--4789774.htm',
          'https://www.transtutors.com/questions/how-does-socrates-prove-the-theory-of-recollection-specifically-how-does-he-prove-th-4788227.htm',
          'https://www.transtutors.com/questions/explain-using-current-how-a-small-signal-is-coupled-into-the-base-of-the-transistor--4784108.htm',
          'https://www.transtutors.com/questions/q1-couple-therapy-in-300-words-answer-by-reading-source-1-crawley-1998-couples-thera-4767979.htm',
          'https://www.transtutors.com/questions/psyc2071-similar-to-the-perception-assignment-this-assignment-again-puts--4767954.htm',
          'https://www.transtutors.com/questions/equation-s-c-ln-tf-is-based-on-the-assumption-that-the-heat-capacity-is-independent--4764762.htm',
          'https://www.transtutors.com/questions/digital-representations-of-numeric-values-of-quantities-may-be-best-be-described-as--4756865.htm',
          'https://www.transtutors.com/questions/psychological-techniques-to-prepare-for-this-discussion-select-one-of-the-following--4666269.htm',
          'https://www.transtutors.com/questions/our-resources-this-week-reinforce-the-importance-of-informed-consent-in-all-professi-4619843.htm',
          'https://www.transtutors.com/questions/https-vu-kanopy-com-video-family-foibles-kim-harley-kids-this-is-a-link-the-teacher--4619693.htm',
          'https://www.transtutors.com/questions/instructions-for-student-using-the-case-study-provided-in-appendix--4619690.htm',
          'https://www.transtutors.com/questions/mary-is-a-41-year-old-woman-who-lives-with-her-husband-and-three-children-aged--4619561.htm',
          'https://www.transtutors.com/questions/1-what-have-you-learned-about-factors-related-to-success-in-online-education-from-re-4619546.htm',
          'https://www.transtutors.com/questions/are-you-able-to-help-me-finish-my-assignment-following-the-marking-rubric-and-helpin-4619525.htm',
          'https://www.transtutors.com/questions/in-section-10-3-of-the-course-text-the-following-authors-are-listed-as-the-superstar-4608851.htm',
          'https://www.transtutors.com/questions/consider-the-fully-differential-bjt-amplifier-shown-in-fig-1-assume-va1-va2-infinity-4585866.htm',
          'https://www.transtutors.com/questions/hineed-help-with-child-care-diploma-assignment-please-check-and-let-me-know-the-cost-4580913.htm',
          'https://www.transtutors.com/questions/a-resistor-of-30-ohms-is-maintained-at-a-constant-temperature-of-27-c-while-a-curren-4570584.htm',
          'https://www.transtutors.com/questions/psyc214-full-marks-will-be-awarded-for-students-that-have-accurately-and-clearly--4553995.htm',
          'https://www.transtutors.com/questions/q-critically-evaluate-the-organizational-characteristics-that-facilitate-the-innovat-4528569.htm',
          'https://www.transtutors.com/questions/identify-2-strategies-you-would-implement-to-ensure-documentation-can-be-shared-with-4517069.htm',
          'https://www.transtutors.com/questions/1-consider-the-following-experiment-similar-to-one-that-was-conducted-by-smith-lingl-4510570.htm',
          'https://www.transtutors.com/questions/vignette-1-kelly-have-5-sections-section-1-2-and-3-are-an-assessment-case-formulatio-4480573.htm',
          'https://www.transtutors.com/questions/in-chapter-3-dr-tim-levine-cites-years-of-research-to-make-the-argument-that-observi-4472338.htm',
          'https://www.transtutors.com/questions/review-chapter-9-in-your-course-text-research-methods-for-the-behavioral-sciences-pa-4451459.htm',
          'https://www.transtutors.com/questions/attitudes-in-observational-learning-for-children-with-autism-apa-style-needs-to-have-4441578.htm',
          'https://www.transtutors.com/questions/in-this-assignment-you-will-be-randomly-assigned-two-theoretical-perspectives--4441562.htm',
          'https://www.transtutors.com/questions/psyc5222-in-the-week-3-tutorial-students-will-participate-in-a-class-research-study--4422960.htm',
          'https://www.transtutors.com/questions/explain-the-difference-between-aggressive-and-assertive-behavior-using-terminology-f-4382211.htm',
          'https://www.transtutors.com/questions/what-evidence-is-provided-in-the-case-of-little-hans-to-support-freud-s-theory-that--4382198.htm',
          'https://www.transtutors.com/questions/what-evidence-is-provided-in-the-case-of-little-hans-to-support-freud-s-theory-that--4382194.htm',
          'https://www.transtutors.com/questions/what-problems-do-you-see-with-an-approach-to-crime-that-relies-on-deterrence-and-not-4361107.htm',
          'https://www.transtutors.com/questions/a-classroom-guidance-program-or-curriculum-is-a-specific-set-of-comprehensive-struct-4360878.htm',
          'https://www.transtutors.com/questions/from-the-perspective-of-a-human-service-professional-working-with-children-or-adoles-4350185.htm',
          'https://www.transtutors.com/questions/this-week-we-study-human-rights-bioethics-and-its-legislated-practice-as-evident-in--4331420.htm',
          'https://www.transtutors.com/questions/every-person-is-like-every-other-person-every-person-is-like-some-other-person-every-4294795.htm',
          'https://www.transtutors.com/questions/what-is-needed-besides-a-good-set-of-internal-controls-to-protect-an-organization-fr-4266442.htm',
          'https://www.transtutors.com/questions/identify-a-social-problem-in-australia-today-and-present-relevant-theories-and-princ-4252021.htm',
          'https://www.transtutors.com/questions/the-key-moral-principles-are-respect-for-autonomy-non-maleficence-beneficence-and-ju-4252019.htm',
          'https://www.transtutors.com/questions/define-and-explain-social-constructionism-select-analyze-various-couple-family--4252012.htm',
          'https://www.transtutors.com/questions/lab-report-i-will-have-to-send-you-more-files-because-the-data-for-results-is-in-my--4251910.htm',
          'https://www.transtutors.com/questions/which-questions-should-be-placed-first-on-the-questionnaire-view-solution-which-ques-4250596.htm',
          'https://www.transtutors.com/questions/what-are-the-three-substages-of-the-rd-e-stage-of-total-life-cycle-costing-view-solu-4247598.htm',
          'https://www.transtutors.com/questions/describe-at-least-one-norm-or-collective-assumption-and-how-it-would-affect-a-firm-s-4231919.htm'],
 'project': ['trans'],
 'referring_link': ['https://www.transtutors.com/questions/humanities/psychology/1/'],
 'spider': ['trans_links']}
2020-05-08 08:54:28 [scrapy.extensions.logstats] INFO: Crawled 2 pages (at 2 pages/min), scraped 2 items (at 2 items/min)
2020-05-08 08:55:25 [scrapy.extensions.throttle] INFO: slot: 34.224.249.39 | conc: 1 | delay:85000 ms (+0) | latency: 6569 ms | size: 18757 bytes
2020-05-08 08:55:25 [scrapy.core.engine] DEBUG: Crawled (200) <GET https://www.transtutors.com/questions/humanities/psychology/2/> (referer: https://www.google.com/)
2020-05-08 08:55:25 [scrapy.core.scraper] DEBUG: Scraped from <200 https://www.transtutors.com/questions/humanities/psychology/2/>
{'category': ['psychology'],
 'date': [datetime.datetime(2020, 5, 8, 8, 55, 25, 236675)],
 'link': ['https://www.transtutors.com/questions/what-is-the-moral-of-this-story--4221030.htm',
          'https://www.transtutors.com/questions/what-is-the-dark-side-of-self-esteem-what-impact-does-what-is-the-dark-side-of-self--4220167.htm',
          'https://www.transtutors.com/questions/what-do-you-think-are-the-defining-characteristics-of-a-what-do-you-think-are-the-de-4217867.htm',
          'https://www.transtutors.com/questions/what-are-the-various-source-of-information-you-might-use-what-are-the-various-source-4217037.htm',
          'https://www.transtutors.com/questions/develop-an-argument-based-on-empirical-literature-leading-to-your-hypotheses-you-can-4194727.htm',
          'https://www.transtutors.com/questions/list-all-the-costs-of-inflation-you-can-think-of-list-all-the-costs-of-inflation-you-4191779.htm',
          'https://www.transtutors.com/questions/in-what-ways-are-healthcare-customers-being-affected-by-the-it-developments-presente-4189213.htm',
          'https://www.transtutors.com/questions/in-view-of-our-discussion-of-evolutionary-psychology-and-the-in-view-of-our-discussi-4189094.htm',
          'https://www.transtutors.com/questions/how-does-the-emotion-reducing-model-work--4181507.htm',
          'https://www.transtutors.com/questions/how-did-the-structure-of-cities-begin-to-change-after-world-war-ii-what-factors-were-4181004.htm',
          'https://www.transtutors.com/questions/find-a-news-story-that-reports-on-current-values-for-find-a-news-story-that-reports--4176359.htm',
          'https://www.transtutors.com/questions/discuss-the-difference-between-statistical-significance-and-practical-significance-d-4171215.htm',
          'https://www.transtutors.com/questions/differentiate-between-conspiracy-and-intimidation--4170970.htm',
          'https://www.transtutors.com/questions/create-a-chart-in-which-you-describe-the-stages-of-create-a-chart-in-which-you-descr-4168583.htm',
          'https://www.transtutors.com/questions/consider-this-study-conducted-by-kim-mooney-1990-at-the-consider-this-study-conducte-4167925.htm',
          'https://www.transtutors.com/questions/briefly-describe-how-aquinas-uses-aristotle-in-his-work-and-briefly-describe-how-aqu-4164456.htm',
          'https://www.transtutors.com/questions/you-and-your-colleagues-are-going-to-submit-a-grant-proposal-that-will-assess-the-ri-4150450.htm',
          'https://www.transtutors.com/questions/locate-three-examples-of-rcts-by-doing-an-electronic-search-be-sure-that-your-exampl-4146082.htm',
          'https://www.transtutors.com/questions/create-conclusions-that-correspond-directly-to-the-stated-research-questions--4143261.htm',
          'https://www.transtutors.com/questions/a-design-the-widlar-current-source-such-that-i-ref-0-50-ma-and-i-o-50-a-assume-that-4141341.htm',
          'https://www.transtutors.com/questions/does-brain-training-positively-impact-a-variety-of-cognitive-abilities--4140603.htm',
          'https://www.transtutors.com/questions/empirical-research-question-what-motivating-factors-influence-the-graduation-success-4140075.htm',
          'https://www.transtutors.com/questions/culture-impacts-adult-development-in-a-variety-of-ways-select-either-ethnicity-relig-4139348.htm',
          'https://www.transtutors.com/questions/what-might-be-the-common-biological-psychological-or-sociological-predisposing-preci-4138009.htm',
          'https://www.transtutors.com/questions/a-researcher-plans-to-investigate-the-belief-that-people-are-a-researcher-plans-to-i-4137170.htm',
          'https://www.transtutors.com/questions/without-looking-back-at-the-photograph-on-p-346-of-two-men-involved-in-a-violent-inc-4135033.htm',
          'https://www.transtutors.com/questions/why-are-bystanders-so-often-unwilling-to-help-in-an-emergency--4134581.htm',
          'https://www.transtutors.com/questions/which-type-of-neuron-carries-information-from-the-cns-to-the-pns-a-sensory-neuron-b--4134506.htm',
          'https://www.transtutors.com/questions/which-two-schools-of-thought-have-largely-disappeared-from-contemporary-psychology-a-4134501.htm',
          'https://www.transtutors.com/questions/which-statements-correctly-summarize-research-findings-on-treating-psychological-dis-4134480.htm',
          'https://www.transtutors.com/questions/which-statement-about-the-reticular-system-is-not-true-a-increased-activity-in-the-r-4134462.htm',
          'https://www.transtutors.com/questions/which-statement-about-synaptic-transmission-is-not-true-a-the-synapses-between-neuro-4134449.htm',
          'https://www.transtutors.com/questions/which-of-the-following-treatments-might-be-most-effective-for-autism-spectrum-disord-4134301.htm',
          'https://www.transtutors.com/questions/which-of-the-following-statements-is-suggested-by-research-on-the-genetic-basis-of-p-4134282.htm',
          'https://www.transtutors.com/questions/which-of-the-following-is-not-a-dissociative-disorder-a-fugue-b-amnesia-c-conversion-4134165.htm',
          'https://www.transtutors.com/questions/which-of-the-following-is-a-type-of-declarative-memory-a-long-term-memory-b-redinteg-4134132.htm',
          'https://www.transtutors.com/questions/which-of-the-following-is-a-synonym-for-skill-memory-a-semantic-memory-b-declarative-4134131.htm',
          'https://www.transtutors.com/questions/which-of-the-following-is-a-personality-disorder-a-schizophrenia-b-antisocial-person-4134126.htm',
          'https://www.transtutors.com/questions/which-of-the-following-disorders-is-a-are-psychotic-disorder-s-a-obsessive-compulsiv-4134074.htm',
          'https://www.transtutors.com/questions/which-of-the-following-disorders-has-the-highest-concordance-rate-for-identical-twin-4134073.htm',
          'https://www.transtutors.com/questions/which-model-of-intelligence-does-eysenck-s-personality-theory-remind-you-of-4133990.htm',
          'https://www.transtutors.com/questions/which-is-a-correct-match-a-social-reinforcer-primary-b-token-reinforcer-secondary-re-4133967.htm',
          'https://www.transtutors.com/questions/what-is-the-underlying-image-of-the-person-associated-with-each-of-the-major-theoret-4133359.htm',
          'https://www.transtutors.com/questions/what-implications-do-the-studies-of-mara-on-hohmann-and-bermond-et-al-have-for-the-j-4132662.htm',
          'https://www.transtutors.com/questions/what-do-you-understand-by-the-validity-of-a-psychological-test--4132468.htm',
          'https://www.transtutors.com/questions/what-do-you-think-is-the-difference-between-consciousness-and-self-consciousness--4132452.htm',
          'https://www.transtutors.com/questions/what-do-you-consider-to-be-typical-feminine-and-masculine-characteristics--4132439.htm',
          'https://www.transtutors.com/questions/what-conditions-can-be-detected-using-fetal-ultrasonography-amniocentesis-and-chorio-4132347.htm',
          'https://www.transtutors.com/questions/what-are-the-main-input-and-output-components-of-the-autonomic-nervous-system--4132056.htm',
          'https://www.transtutors.com/questions/what-are-some-examples-of-the-antagonistic-effects-of-the-sympathetic-and-parasympat-4131777.htm'],
 'project': ['trans'],
 'referring_link': ['https://www.transtutors.com/questions/humanities/psychology/2/'],
 'spider': ['trans_links']}
2020-05-08 08:55:28 [scrapy.extensions.logstats] INFO: Crawled 3 pages (at 1 pages/min), scraped 3 items (at 1 items/min)
2020-05-08 08:56:28 [scrapy.extensions.logstats] INFO: Crawled 3 pages (at 0 pages/min), scraped 3 items (at 0 items/min)
2020-05-08 08:57:28 [scrapy.extensions.logstats] INFO: Crawled 3 pages (at 0 pages/min), scraped 3 items (at 0 items/min)
2020-05-08 08:58:28 [scrapy.extensions.logstats] INFO: Crawled 3 pages (at 0 pages/min), scraped 3 items (at 0 items/min)
2020-05-08 08:59:28 [scrapy.extensions.logstats] INFO: Crawled 3 pages (at 0 pages/min), scraped 3 items (at 0 items/min)
2020-05-08 09:00:07 [scrapy.downloadermiddlewares.retry] DEBUG: Retrying <GET https://www.transtutors.com/questions/humanities/psychology/3/> (failed 1 times): User timeout caused connection failure: Getting https://www.transtutors.com/questions/humanities/psychology/3/ took longer than 180.0 seconds..
2020-05-08 09:00:28 [scrapy.extensions.logstats] INFO: Crawled 3 pages (at 0 pages/min), scraped 3 items (at 0 items/min)
2020-05-08 09:01:28 [scrapy.extensions.logstats] INFO: Crawled 3 pages (at 0 pages/min), scraped 3 items (at 0 items/min)
2020-05-08 09:02:28 [scrapy.extensions.logstats] INFO: Crawled 3 pages (at 0 pages/min), scraped 3 items (at 0 items/min)
2020-05-08 09:03:07 [scrapy.downloadermiddlewares.retry] DEBUG: Retrying <GET https://www.transtutors.com/questions/humanities/psychology/3/> (failed 2 times): User timeout caused connection failure: Getting https://www.transtutors.com/questions/humanities/psychology/3/ took longer than 180.0 seconds..
2020-05-08 09:03:28 [scrapy.extensions.logstats] INFO: Crawled 3 pages (at 0 pages/min), scraped 3 items (at 0 items/min)
2020-05-08 09:03:46 [scrapy.extensions.throttle] INFO: slot: 34.224.249.39 | conc: 1 | delay:155008 ms (+70008) | latency:38752 ms | size:  1233 bytes
2020-05-08 09:03:46 [scrapy.core.engine] DEBUG: Crawled (403) <GET https://www.transtutors.com/questions/humanities/psychology/3/> (referer: https://www.google.com/)
2020-05-08 09:03:46 [scrapy.spidermiddlewares.httperror] INFO: Ignoring response <403 https://www.transtutors.com/questions/humanities/psychology/3/>: HTTP status code is not handled or not allowed
2020-05-08 09:03:46 [scrapy.core.engine] INFO: Closing spider (finished)
2020-05-08 09:03:46 [scrapy.statscollectors] INFO: Dumping Scrapy stats:
{'downloader/exception_count': 2,
 'downloader/exception_type_count/twisted.internet.error.TimeoutError': 2,
 'downloader/request_bytes': 2172,
 'downloader/request_count': 6,
 'downloader/request_method_count/GET': 6,
 'downloader/response_bytes': 64584,
 'downloader/response_count': 4,
 'downloader/response_status_count/200': 3,
 'downloader/response_status_count/403': 1,
 'elapsed_time_seconds': 618.515899,
 'finish_reason': 'finished',
 'finish_time': datetime.datetime(2020, 5, 8, 6, 3, 46, 735245),
 'httpcache/firsthand': 4,
 'httpcache/miss': 6,
 'httpcache/store': 4,
 'httperror/response_ignored_count': 1,
 'httperror/response_ignored_status_count/403': 1,
 'item_scraped_count': 3,
 'log_count/DEBUG': 10,
 'log_count/INFO': 25,
 'request_depth_max': 3,
 'response_received_count': 4,
 'retry/count': 2,
 'retry/reason_count/twisted.internet.error.TimeoutError': 2,
 'scheduler/dequeued': 6,
 'scheduler/dequeued/memory': 6,
 'scheduler/enqueued': 6,
 'scheduler/enqueued/memory': 6,
 'start_time': datetime.datetime(2020, 5, 8, 5, 53, 28, 219346)}
2020-05-08 09:03:46 [scrapy.core.engine] INFO: Spider closed (finished)
